Using pre-set license
Built from '2020.3/staging' branch; Version is '2020.3.22f1 (e1a7f79fd887) revision 14788599'; Using compiler version '192528614'; Build Type 'Release'
OS: 'Windows 10 Pro; OS build 19044.2130; Version 2009; 64bit' Language: 'es' Physical Memory: 8131 MB
BatchMode: 1, IsHumanControllingUs: 0, StartBugReporterOnCrash: 0, Is64bit: 1, IsPro: 0

COMMAND LINE ARGUMENTS:
C:\Program Files\Unity\Hub\Editor\2020.3.22f1\Editor\Unity.exe
-adb2
-batchMode
-noUpm
-name
AssetImportWorker1
-projectPath
D:/Documentos/GitHub/TallerMecatronico/TallerMecatronico
-logFile
Logs/AssetImportWorker1.log
-srvPort
54838
Successfully changed project path to: D:/Documentos/GitHub/TallerMecatronico/TallerMecatronico
D:/Documentos/GitHub/TallerMecatronico/TallerMecatronico
Using Asset Import Pipeline V2.
Refreshing native plugins compatible for Editor in 64.13 ms, found 2 plugins.
Preloading 0 native plugins for Editor in 0.00 ms.
Initialize engine version: 2020.3.22f1 (e1a7f79fd887)
[Subsystems] Discovering subsystems at path C:/Program Files/Unity/Hub/Editor/2020.3.22f1/Editor/Data/Resources/UnitySubsystems
[Subsystems] Discovering subsystems at path D:/Documentos/GitHub/TallerMecatronico/TallerMecatronico/Assets
GfxDevice: creating device client; threaded=0
Direct3D:
    Version:  Direct3D 11.0 [level 11.1]
    Renderer: NVIDIA GeForce GTX 1050 Ti (ID=0x1c82)
    Vendor:   
    VRAM:     4018 MB
    Driver:   30.0.15.1215
Initialize mono
Mono path[0] = 'C:/Program Files/Unity/Hub/Editor/2020.3.22f1/Editor/Data/Managed'
Mono path[1] = 'C:/Program Files/Unity/Hub/Editor/2020.3.22f1/Editor/Data/MonoBleedingEdge/lib/mono/unityjit'
Mono config path = 'C:/Program Files/Unity/Hub/Editor/2020.3.22f1/Editor/Data/MonoBleedingEdge/etc'
Using monoOptions --debugger-agent=transport=dt_socket,embedding=1,server=y,suspend=n,address=127.0.0.1:56808
Begin MonoManager ReloadAssembly
Registering precompiled unity dll's ...
Register platform support module: C:/Program Files/Unity/Hub/Editor/2020.3.22f1/Editor/Data/PlaybackEngines/WindowsStandaloneSupport/UnityEditor.WindowsStandalone.Extensions.dll
Registered in 0.003045 seconds.
Native extension for WindowsStandalone target not found
Refreshing native plugins compatible for Editor in 63.19 ms, found 2 plugins.
Preloading 0 native plugins for Editor in 0.00 ms.
Mono: successfully reloaded assembly
- Completed reload, in  2.191 seconds
Domain Reload Profiling:
	ReloadAssembly (2191ms)
		BeginReloadAssembly (70ms)
			ExecutionOrderSort (0ms)
			DisableScriptedObjects (0ms)
			BackupInstance (0ms)
			ReleaseScriptingObjects (0ms)
			CreateAndSetChildDomain (1ms)
		EndReloadAssembly (529ms)
			LoadAssemblies (67ms)
			RebuildTransferFunctionScriptingTraits (0ms)
			SetupTypeCache (172ms)
			ReleaseScriptCaches (0ms)
			RebuildScriptCaches (35ms)
			SetupLoadedEditorAssemblies (197ms)
				LogAssemblyErrors (0ms)
				InitializePlatformSupportModulesInManaged (4ms)
				SetLoadedEditorAssemblies (1ms)
				RefreshPlugins (63ms)
				BeforeProcessingInitializeOnLoad (12ms)
				ProcessInitializeOnLoadAttributes (84ms)
				ProcessInitializeOnLoadMethodAttributes (32ms)
				AfterProcessingInitializeOnLoad (0ms)
				EditorAssembliesLoaded (0ms)
			ExecutionOrderSort2 (0ms)
			AwakeInstancesAfterBackupRestoration (0ms)
Platform modules already initialized, skipping
Registering precompiled user dll's ...
Registered in 0.005943 seconds.
Begin MonoManager ReloadAssembly
Native extension for WindowsStandalone target not found
Refreshing native plugins compatible for Editor in 69.46 ms, found 2 plugins.
Preloading 0 native plugins for Editor in 0.00 ms.
Mono: successfully reloaded assembly
- Completed reload, in  4.607 seconds
Domain Reload Profiling:
	ReloadAssembly (4613ms)
		BeginReloadAssembly (191ms)
			ExecutionOrderSort (0ms)
			DisableScriptedObjects (5ms)
			BackupInstance (0ms)
			ReleaseScriptingObjects (0ms)
			CreateAndSetChildDomain (25ms)
		EndReloadAssembly (4346ms)
			LoadAssemblies (1243ms)
			RebuildTransferFunctionScriptingTraits (0ms)
			SetupTypeCache (1300ms)
			ReleaseScriptCaches (1ms)
			RebuildScriptCaches (63ms)
			SetupLoadedEditorAssemblies (1596ms)
				LogAssemblyErrors (0ms)
				InitializePlatformSupportModulesInManaged (4ms)
				SetLoadedEditorAssemblies (0ms)
				RefreshPlugins (70ms)
				BeforeProcessingInitializeOnLoad (104ms)
				ProcessInitializeOnLoadAttributes (522ms)
				ProcessInitializeOnLoadMethodAttributes (885ms)
				AfterProcessingInitializeOnLoad (10ms)
				EditorAssembliesLoaded (0ms)
			ExecutionOrderSort2 (0ms)
			AwakeInstancesAfterBackupRestoration (8ms)
Platform modules already initialized, skipping
========================================================================
Worker process is ready to serve import requests
Launched and connected shader compiler UnityShaderCompiler.exe after 0.05 seconds
Refreshing native plugins compatible for Editor in 0.69 ms, found 2 plugins.
Preloading 0 native plugins for Editor in 0.00 ms.
Unloading 2999 Unused Serialized files (Serialized files now loaded: 0)
System memory in use before: 136.8 MB.
System memory in use after: 137.0 MB.

Unloading 21 unused Assets to reduce memory usage. Loaded Objects now: 3434.
Total: 4.116100 ms (FindLiveObjects: 0.289800 ms CreateObjectMapping: 0.155100 ms MarkObjects: 3.581300 ms  DeleteObjects: 0.088500 ms)

AssetImportParameters requested are different than current active one (requested -> active):
  custom:framework-win-MediaFoundation: 216162199b28c13a410421893ffa2e32 -> 
  custom:video-decoder-ogg-theora: a1e56fd34408186e4bbccfd4996cb3dc -> 
  custom:container-muxer-webm: aa71ff27fc2769a1b78a27578f13a17b -> 
  custom:container-demuxer-webm: 4f35f7cbe854078d1ac9338744f61a02 -> 
  custom:container-demuxer-ogg: 62fdf1f143b41e24485cea50d1cbac27 -> 
  custom:video-encoder-webm-vp8: eb34c28f22e8b96e1ab97ce403110664 -> 
  custom:video-decoder-webm-vp8: 9c59270c3fd7afecdb556c50c9e8de78 -> 
  custom:audio-decoder-ogg-vorbis: bf7c407c2cedff20999df2af8eb42d56 -> 
  custom:audio-encoder-webm-vorbis: bf7c407c2cedff20999df2af8eb42d56 -> 
========================================================================
Received Import Request.
  path: Assets/Prefabs/GameObjects/T/greyRoadStudio/LowPolyTreePack/Scenes/demo/LightingData.asset
  artifactKey: Guid(23a8a9f771b84c2439ad077eadd3c78f) Importer(815301076,1909f56bfc062723c751e8b465ee728b)
Start importing Assets/Prefabs/GameObjects/T/greyRoadStudio/LowPolyTreePack/Scenes/demo/LightingData.asset using Guid(23a8a9f771b84c2439ad077eadd3c78f) Importer(815301076,1909f56bfc062723c751e8b465ee728b) Lighting data asset ‘LightingData’ is incompatible with the current Unity version. Please use Generate Lighting to rebuild the lighting data.  Realtime Global Illumination cannot be used until the lighting data is rebuilt.
 -> (artifact id: 'dc85a69a11f369aaf81be07b0ed9a5f7') in 0.067771 seconds 
  Import took 0.079258 seconds .

========================================================================
Received Import Request.
  Time since last request: 74.551755 seconds.
  path: Assets/Prefabs/GameObjects/T/greyRoadStudio/LowPolyTreePack/Scenes/lineUp/LightingData.asset
  artifactKey: Guid(b009fa1b18fb56048a9147adaceb217e) Importer(815301076,1909f56bfc062723c751e8b465ee728b)
Start importing Assets/Prefabs/GameObjects/T/greyRoadStudio/LowPolyTreePack/Scenes/lineUp/LightingData.asset using Guid(b009fa1b18fb56048a9147adaceb217e) Importer(815301076,1909f56bfc062723c751e8b465ee728b) Lighting data asset ‘LightingData’ is incompatible with the current Unity version. Please use Generate Lighting to rebuild the lighting data.  Realtime Global Illumination cannot be used until the lighting data is rebuilt.
 -> (artifact id: '16a4b71d7ca6549937fa3541b1e6b2b3') in 0.017785 seconds 
  Import took 0.030808 seconds .

========================================================================
Received Import Request.
  Time since last request: 0.000190 seconds.
  path: Assets/Prefabs/GameObjects/T/greyRoadStudio/LowPolyTreePack/Scenes/lineUp/ReflectionProbe-0.exr
  artifactKey: Guid(a27cf0322793aa94d904fcf712f30ac7) Importer(815301076,1909f56bfc062723c751e8b465ee728b)
Start importing Assets/Prefabs/GameObjects/T/greyRoadStudio/LowPolyTreePack/Scenes/lineUp/ReflectionProbe-0.exr using Guid(a27cf0322793aa94d904fcf712f30ac7) Importer(815301076,1909f56bfc062723c751e8b465ee728b)  -> (artifact id: '1944386f4a6c38dbbf543c5ae92bcc5e') in 0.151785 seconds 
  Import took 0.158049 seconds .

========================================================================
Received Import Request.
  Time since last request: 6.995394 seconds.
  path: Assets/Prefabs/GameObjects/Azoni .fbx
  artifactKey: Guid(3de985ed20d84a44aa44275598445918) Importer(815301076,1909f56bfc062723c751e8b465ee728b)
Start importing Assets/Prefabs/GameObjects/Azoni .fbx using Guid(3de985ed20d84a44aa44275598445918) Importer(815301076,1909f56bfc062723c751e8b465ee728b)  -> (artifact id: '2d355b2759d5c8e6de0b4c04f86a5f6d') in 0.610263 seconds 
  Import took 0.617055 seconds .

========================================================================
Received Import Request.
  Time since last request: 9.803835 seconds.
  path: Assets/Prefabs/GameObjects/T/Free_Barrel/Demo_sceneSettings.lighting
  artifactKey: Guid(dbdda42c9e83fad45a6740aaf764b167) Importer(815301076,1909f56bfc062723c751e8b465ee728b)
Start importing Assets/Prefabs/GameObjects/T/Free_Barrel/Demo_sceneSettings.lighting using Guid(dbdda42c9e83fad45a6740aaf764b167) Importer(815301076,1909f56bfc062723c751e8b465ee728b) LightingSettings: switching bake backend from 1 to 0.
 -> (artifact id: '03011bf6ac57a475d4825ee4215cf27e') in 0.013908 seconds 
  Import took 0.021100 seconds .

========================================================================
Received Import Request.
  Time since last request: 18.505738 seconds.
  path: Assets/Prefabs/GameObjects/T/Free_Barrel/Materials/Barrel 1.mat
  artifactKey: Guid(b627436557539ba42a6af444a92c0b13) Importer(815301076,1909f56bfc062723c751e8b465ee728b)
Start importing Assets/Prefabs/GameObjects/T/Free_Barrel/Materials/Barrel 1.mat using Guid(b627436557539ba42a6af444a92c0b13) Importer(815301076,1909f56bfc062723c751e8b465ee728b)  -> (artifact id: 'b7e8f4d0495e6ddf28435c3e4f81c5de') in 1.174342 seconds 
  Import took 1.184954 seconds .

========================================================================
Received Import Request.
  Time since last request: 0.000196 seconds.
  path: Assets/Prefabs/GameObjects/T/Free_Barrel/Materials/Splash.mat
  artifactKey: Guid(c78fa5a4dfe37a343bcc89776b9ac6ef) Importer(815301076,1909f56bfc062723c751e8b465ee728b)
Start importing Assets/Prefabs/GameObjects/T/Free_Barrel/Materials/Splash.mat using Guid(c78fa5a4dfe37a343bcc89776b9ac6ef) Importer(815301076,1909f56bfc062723c751e8b465ee728b)  -> (artifact id: 'edb71b9752a8f1a7ff5347ce0ebd117e') in 0.153412 seconds 
  Import took 0.158665 seconds .

========================================================================
Received Import Request.
  Time since last request: 0.000204 seconds.
  path: Assets/Prefabs/GameObjects/T/Free_Barrel/Materials/No Name.mat
  artifactKey: Guid(5a36aaead3f22574eb2280bba93ed424) Importer(815301076,1909f56bfc062723c751e8b465ee728b)
Start importing Assets/Prefabs/GameObjects/T/Free_Barrel/Materials/No Name.mat using Guid(5a36aaead3f22574eb2280bba93ed424) Importer(815301076,1909f56bfc062723c751e8b465ee728b)  -> (artifact id: '9754259d5881f0488c358080005bacb6') in 0.024032 seconds 
  Import took 0.030411 seconds .

========================================================================
Received Import Request.
  Time since last request: 1.296664 seconds.
  path: Assets/Prefabs/GameObjects/T/Free_Barrel/Models/barrel.FBX
  artifactKey: Guid(1768e940ef5fa2d4093cb81fb56533a0) Importer(815301076,1909f56bfc062723c751e8b465ee728b)
Start importing Assets/Prefabs/GameObjects/T/Free_Barrel/Models/barrel.FBX using Guid(1768e940ef5fa2d4093cb81fb56533a0) Importer(815301076,1909f56bfc062723c751e8b465ee728b)  -> (artifact id: '199c17251a78423bac41316a9cd29a44') in 0.047505 seconds 
  Import took 0.058284 seconds .

========================================================================
Received Import Request.
  Time since last request: 0.000238 seconds.
  path: Assets/Prefabs/GameObjects/T/Free_Barrel/Models/Splash.FBX
  artifactKey: Guid(1a50ff50ca7a0bf4588031760212c3a1) Importer(815301076,1909f56bfc062723c751e8b465ee728b)
Start importing Assets/Prefabs/GameObjects/T/Free_Barrel/Models/Splash.FBX using Guid(1a50ff50ca7a0bf4588031760212c3a1) Importer(815301076,1909f56bfc062723c751e8b465ee728b)  -> (artifact id: '564259c84540f6ac674a4844d5497a8f') in 0.033189 seconds 
  Import took 0.040962 seconds .

========================================================================
Received Import Request.
  Time since last request: 8.089432 seconds.
  path: Assets/Prefabs/GameObjects/T/LowPolyBarriersPackFree/BarriersAssets/Prefabs/BarbedWireBarriers/BarbedWireFence_36_v1.prefab
  artifactKey: Guid(17ae22a8c221d254f84fbe0e68ed0705) Importer(815301076,1909f56bfc062723c751e8b465ee728b)
Start importing Assets/Prefabs/GameObjects/T/LowPolyBarriersPackFree/BarriersAssets/Prefabs/BarbedWireBarriers/BarbedWireFence_36_v1.prefab using Guid(17ae22a8c221d254f84fbe0e68ed0705) Importer(815301076,1909f56bfc062723c751e8b465ee728b)  -> (artifact id: '6bb44bbdc3a9ca391c8304009e6705c0') in 0.052436 seconds 
  Import took 0.061942 seconds .

========================================================================
Received Import Request.
  Time since last request: 0.000217 seconds.
  path: Assets/Prefabs/GameObjects/T/LowPolyBarriersPackFree/BarriersAssets/Prefabs/BarbedWireBarriers/WoodenBarbedWireBarrier_33_v1.prefab
  artifactKey: Guid(b4b7339fb3082864b8444ec917d80cf4) Importer(815301076,1909f56bfc062723c751e8b465ee728b)
Start importing Assets/Prefabs/GameObjects/T/LowPolyBarriersPackFree/BarriersAssets/Prefabs/BarbedWireBarriers/WoodenBarbedWireBarrier_33_v1.prefab using Guid(b4b7339fb3082864b8444ec917d80cf4) Importer(815301076,1909f56bfc062723c751e8b465ee728b)  -> (artifact id: 'd1d34e4f5d582c6d44ef723ad0763a23') in 0.042594 seconds 
  Import took 0.047805 seconds .

========================================================================
Received Import Request.
  Time since last request: 0.000182 seconds.
  path: Assets/Prefabs/GameObjects/T/LowPolyBarriersPackFree/BarriersAssets/Prefabs/BarbedWireBarriers/BarbedWireMetalFence_26_v1.prefab
  artifactKey: Guid(4b3b356a77ccfe640a982b42b04ecd98) Importer(815301076,1909f56bfc062723c751e8b465ee728b)
Start importing Assets/Prefabs/GameObjects/T/LowPolyBarriersPackFree/BarriersAssets/Prefabs/BarbedWireBarriers/BarbedWireMetalFence_26_v1.prefab using Guid(4b3b356a77ccfe640a982b42b04ecd98) Importer(815301076,1909f56bfc062723c751e8b465ee728b)  -> (artifact id: 'ae8b7cc3e0024af516194d646c3e5372') in 0.036502 seconds 
  Import took 0.042242 seconds .

========================================================================
Received Import Request.
  Time since last request: 1344.236429 seconds.
  path: Assets/Prefabs/GameObjects/T/greyRoadStudio/LowPolyTreePack/Scenes/demo/ReflectionProbe-0.exr
  artifactKey: Guid(e69fdab6278d9c24cbff2a876905af94) Importer(815301076,1909f56bfc062723c751e8b465ee728b)
Start importing Assets/Prefabs/GameObjects/T/greyRoadStudio/LowPolyTreePack/Scenes/demo/ReflectionProbe-0.exr using Guid(e69fdab6278d9c24cbff2a876905af94) Importer(815301076,1909f56bfc062723c751e8b465ee728b)  -> (artifact id: 'c92040c37824197005af7d10b5dfabf0') in 0.046728 seconds 
  Import took 0.057689 seconds .

========================================================================
Received Import Request.
  Time since last request: 171.732017 seconds.
  path: Assets/Prefabs/StartHandeler.prefab
  artifactKey: Guid(393c6532f841d7a4789de596ac8f9f69) Importer(815301076,1909f56bfc062723c751e8b465ee728b)
Start importing Assets/Prefabs/StartHandeler.prefab using Guid(393c6532f841d7a4789de596ac8f9f69) Importer(815301076,1909f56bfc062723c751e8b465ee728b)  -> (artifact id: '5a2e9669f991fbff97de5adbcebd7844') in 0.025283 seconds 
  Import took 0.040177 seconds .

========================================================================
Received Import Request.
  Time since last request: 4.338202 seconds.
  path: Assets/Prefabs/GameObjects/T/Objects Blender/ComboPicos.01.fbx
  artifactKey: Guid(eab777d2ec9aa5c4a9340fe5a089d16f) Importer(815301076,1909f56bfc062723c751e8b465ee728b)
Start importing Assets/Prefabs/GameObjects/T/Objects Blender/ComboPicos.01.fbx using Guid(eab777d2ec9aa5c4a9340fe5a089d16f) Importer(815301076,1909f56bfc062723c751e8b465ee728b)  -> (artifact id: 'edea4fc3bf9a2cce93e0907210ddb3cd') in 0.069889 seconds 
  Import took 0.077281 seconds .

========================================================================
Received Import Request.
  Time since last request: 0.000187 seconds.
  path: Assets/Prefabs/GameObjects/T/Objects Blender/ComboRocas.01.fbx
  artifactKey: Guid(2e774c18a27b6d449800e7d6fa1d9ece) Importer(815301076,1909f56bfc062723c751e8b465ee728b)
Start importing Assets/Prefabs/GameObjects/T/Objects Blender/ComboRocas.01.fbx using Guid(2e774c18a27b6d449800e7d6fa1d9ece) Importer(815301076,1909f56bfc062723c751e8b465ee728b)  -> (artifact id: '4c86184ce1950755fb059726bab257b6') in 0.139814 seconds 
  Import took 0.145087 seconds .

========================================================================
Received Import Request.
  Time since last request: 0.000205 seconds.
  path: Assets/Prefabs/GameObjects/T/Objects Blender/Cueva.02.fbx
  artifactKey: Guid(318c9361615d1794f99997166e7666cb) Importer(815301076,1909f56bfc062723c751e8b465ee728b)
Start importing Assets/Prefabs/GameObjects/T/Objects Blender/Cueva.02.fbx using Guid(318c9361615d1794f99997166e7666cb) Importer(815301076,1909f56bfc062723c751e8b465ee728b)  -> (artifact id: 'b8a99049a41aa7fcaa21fc06a2d6bb41') in 0.067111 seconds 
  Import took 0.072503 seconds .

========================================================================
Received Import Request.
  Time since last request: 0.000279 seconds.
  path: Assets/Prefabs/GameObjects/T/Objects Blender/Cueva.fbx
  artifactKey: Guid(e9cc5a352b0f6d84db03abf906d7d921) Importer(815301076,1909f56bfc062723c751e8b465ee728b)
Start importing Assets/Prefabs/GameObjects/T/Objects Blender/Cueva.fbx using Guid(e9cc5a352b0f6d84db03abf906d7d921) Importer(815301076,1909f56bfc062723c751e8b465ee728b)  -> (artifact id: 'c497490f0f9a66f983e3d5f354fdf25f') in 0.304915 seconds 
  Import took 0.311472 seconds .

========================================================================
Received Import Request.
  Time since last request: 0.000204 seconds.
  path: Assets/Prefabs/GameObjects/T/Objects Blender/WallRocks.fbx
  artifactKey: Guid(c9cf054320fa0ab439a36d4179f039ea) Importer(815301076,1909f56bfc062723c751e8b465ee728b)
Start importing Assets/Prefabs/GameObjects/T/Objects Blender/WallRocks.fbx using Guid(c9cf054320fa0ab439a36d4179f039ea) Importer(815301076,1909f56bfc062723c751e8b465ee728b)  -> (artifact id: 'b111e43bb501177ab1fa5e28426c4c0b') in 0.092616 seconds 
  Import took 0.098206 seconds .

========================================================================
Received Import Request.
  Time since last request: 0.000196 seconds.
  path: Assets/Prefabs/GameObjects/T/Objects Blender/WallRock.01.fbx
  artifactKey: Guid(f10855d710649e24e8ab8745aa63bde9) Importer(815301076,1909f56bfc062723c751e8b465ee728b)
Start importing Assets/Prefabs/GameObjects/T/Objects Blender/WallRock.01.fbx using Guid(f10855d710649e24e8ab8745aa63bde9) Importer(815301076,1909f56bfc062723c751e8b465ee728b)  -> (artifact id: '40015f447a23936ff64d599d5bb73ac6') in 0.039533 seconds 
  Import took 0.045116 seconds .

========================================================================
Received Import Request.
  Time since last request: 0.000191 seconds.
  path: Assets/Prefabs/GameObjects/T/Objects Blender/Rocas.fbx
  artifactKey: Guid(2a1bd290b5bfe144782ea421f5b20511) Importer(815301076,1909f56bfc062723c751e8b465ee728b)
Start importing Assets/Prefabs/GameObjects/T/Objects Blender/Rocas.fbx using Guid(2a1bd290b5bfe144782ea421f5b20511) Importer(815301076,1909f56bfc062723c751e8b465ee728b)  -> (artifact id: '75e799e2bdbfb3ac1324bbaa6883792c') in 0.085101 seconds 
  Import took 0.090395 seconds .

========================================================================
Received Import Request.
  Time since last request: 0.000193 seconds.
  path: Assets/Prefabs/GameObjects/T/Objects Blender/Pico.01.fbx
  artifactKey: Guid(c5e8171f03630da4b85470ca846a4375) Importer(815301076,1909f56bfc062723c751e8b465ee728b)
Start importing Assets/Prefabs/GameObjects/T/Objects Blender/Pico.01.fbx using Guid(c5e8171f03630da4b85470ca846a4375) Importer(815301076,1909f56bfc062723c751e8b465ee728b)  -> (artifact id: '8f62c29beefd2acb94819b0b72d7f9d1') in 0.037282 seconds 
  Import took 0.042649 seconds .

========================================================================
Received Import Request.
  Time since last request: 20.316329 seconds.
  path: Assets/Prefabs/GameObjects/BodegaTutorial.fbx
  artifactKey: Guid(a08aba7c81a4c24488fd4ae674f3f65a) Importer(815301076,1909f56bfc062723c751e8b465ee728b)
Start importing Assets/Prefabs/GameObjects/BodegaTutorial.fbx using Guid(a08aba7c81a4c24488fd4ae674f3f65a) Importer(815301076,1909f56bfc062723c751e8b465ee728b)  -> (artifact id: '94f08c5c56d8d65ddfb8b7bc00a280b7') in 0.445811 seconds 
  Import took 0.463196 seconds .

========================================================================
Received Import Request.
  Time since last request: 0.000241 seconds.
  path: Assets/Prefabs/GameObjects/Lata.fbx
  artifactKey: Guid(1b810f00f5eb54e4da1626d908c1673b) Importer(815301076,1909f56bfc062723c751e8b465ee728b)
Start importing Assets/Prefabs/GameObjects/Lata.fbx using Guid(1b810f00f5eb54e4da1626d908c1673b) Importer(815301076,1909f56bfc062723c751e8b465ee728b)  -> (artifact id: '954a7a5337d7f09157909d38442f9e4a') in 0.053406 seconds 
  Import took 0.061690 seconds .

========================================================================
Received Import Request.
  Time since last request: 0.000194 seconds.
  path: Assets/Prefabs/GameObjects/caja.fbx
  artifactKey: Guid(0b3db808d162f054ca8f8a205d8d8844) Importer(815301076,1909f56bfc062723c751e8b465ee728b)
Start importing Assets/Prefabs/GameObjects/caja.fbx using Guid(0b3db808d162f054ca8f8a205d8d8844) Importer(815301076,1909f56bfc062723c751e8b465ee728b)  -> (artifact id: '251c3b1209c5512a46be9f1f3c40170a') in 0.404111 seconds 
  Import took 0.410604 seconds .

========================================================================
Received Import Request.
  Time since last request: 0.000197 seconds.
  path: Assets/Prefabs/GameObjects/BottleCloud.fbx
  artifactKey: Guid(8a04985cb02c3db4ba21226c0644d9d7) Importer(815301076,1909f56bfc062723c751e8b465ee728b)
Start importing Assets/Prefabs/GameObjects/BottleCloud.fbx using Guid(8a04985cb02c3db4ba21226c0644d9d7) Importer(815301076,1909f56bfc062723c751e8b465ee728b)  -> (artifact id: 'fa35f3de6ec1c1c7622c267830df7961') in 0.332472 seconds 
  Import took 0.337969 seconds .

========================================================================
Received Import Request.
  Time since last request: 0.000204 seconds.
  path: Assets/Prefabs/GameObjects/WireframeTerrain.fbx
  artifactKey: Guid(37c4ffb9e0c72df46896895dd6061b1a) Importer(815301076,1909f56bfc062723c751e8b465ee728b)
Start importing Assets/Prefabs/GameObjects/WireframeTerrain.fbx using Guid(37c4ffb9e0c72df46896895dd6061b1a) Importer(815301076,1909f56bfc062723c751e8b465ee728b)  -> (artifact id: '0c0a7b0a585ffb4a214f401e6f4215d2') in 0.064537 seconds 
  Import took 0.069724 seconds .

========================================================================
Received Import Request.
  Time since last request: 0.000179 seconds.
  path: Assets/Prefabs/GameObjects/E1.prefab
  artifactKey: Guid(2624ff2ab7d969949b11e2b1fd70ee14) Importer(815301076,1909f56bfc062723c751e8b465ee728b)
Start importing Assets/Prefabs/GameObjects/E1.prefab using Guid(2624ff2ab7d969949b11e2b1fd70ee14) Importer(815301076,1909f56bfc062723c751e8b465ee728b)  -> (artifact id: '64cb5504a117cacf3e4279c5bafbb65b') in 0.047197 seconds 
  Import took 0.052765 seconds .

========================================================================
Received Import Request.
  Time since last request: 0.000177 seconds.
  path: Assets/Prefabs/GameObjects/E3.prefab
  artifactKey: Guid(32843d73aecb624418bf654783481cd4) Importer(815301076,1909f56bfc062723c751e8b465ee728b)
Start importing Assets/Prefabs/GameObjects/E3.prefab using Guid(32843d73aecb624418bf654783481cd4) Importer(815301076,1909f56bfc062723c751e8b465ee728b)  -> (artifact id: '041bc3fb3c43501c3160d73d48a51e8c') in 0.025702 seconds 
  Import took 0.033630 seconds .

========================================================================
Received Import Request.
  Time since last request: 0.000261 seconds.
  path: Assets/Prefabs/GameObjects/E2.prefab
  artifactKey: Guid(a3d49cf346d8c6841a89054a321e03ba) Importer(815301076,1909f56bfc062723c751e8b465ee728b)
Start importing Assets/Prefabs/GameObjects/E2.prefab using Guid(a3d49cf346d8c6841a89054a321e03ba) Importer(815301076,1909f56bfc062723c751e8b465ee728b)  -> (artifact id: 'dd7e235b11692ce6e453c5b3624d099d') in 0.032419 seconds 
  Import took 0.038883 seconds .

========================================================================
Received Import Request.
  Time since last request: 0.000189 seconds.
  path: Assets/Prefabs/GameObjects/ND_V1_2022.fbx
  artifactKey: Guid(b13ea393dc12aab48868dc059dae2435) Importer(815301076,1909f56bfc062723c751e8b465ee728b)
Start importing Assets/Prefabs/GameObjects/ND_V1_2022.fbx using Guid(b13ea393dc12aab48868dc059dae2435) Importer(815301076,1909f56bfc062723c751e8b465ee728b)  -> (artifact id: 'f21613000ce09c6cfba016e096ecb7fb') in 1.056852 seconds 
  Import took 1.063639 seconds .

========================================================================
Received Import Request.
  Time since last request: 0.000217 seconds.
  path: Assets/Prefabs/GameObjects/Terreno.prefab
  artifactKey: Guid(f313ca4681459b44b9a3692abb5829c9) Importer(815301076,1909f56bfc062723c751e8b465ee728b)
Start importing Assets/Prefabs/GameObjects/Terreno.prefab using Guid(f313ca4681459b44b9a3692abb5829c9) Importer(815301076,1909f56bfc062723c751e8b465ee728b)  -> (artifact id: '09ef08eb9a8ce146b8dc846bf725acd2') in 1.296469 seconds 
  Import took 1.316058 seconds .

========================================================================
Received Import Request.
  Time since last request: 0.000260 seconds.
  path: Assets/Prefabs/GameObjects/BulletPlayer.prefab
  artifactKey: Guid(777d1e9f08c88c1448d2f7bfcac178a9) Importer(815301076,1909f56bfc062723c751e8b465ee728b)
Start importing Assets/Prefabs/GameObjects/BulletPlayer.prefab using Guid(777d1e9f08c88c1448d2f7bfcac178a9) Importer(815301076,1909f56bfc062723c751e8b465ee728b)  -> (artifact id: '9c3393b1a98d63d7ca0ab940dc1e6689') in 0.045850 seconds 
  Import took 0.057229 seconds .

========================================================================
Received Import Request.
  Time since last request: 0.000209 seconds.
  path: Assets/Prefabs/GameObjects/Pitillo_G_T1.fbx
  artifactKey: Guid(d3d90fb852728b948aff90cdb34fd127) Importer(815301076,1909f56bfc062723c751e8b465ee728b)
Start importing Assets/Prefabs/GameObjects/Pitillo_G_T1.fbx using Guid(d3d90fb852728b948aff90cdb34fd127) Importer(815301076,1909f56bfc062723c751e8b465ee728b)  -> (artifact id: '3542f6c49b0a277aba7cc1908c9f8dc3') in 0.111185 seconds 
  Import took 0.119951 seconds .

========================================================================
Received Import Request.
  Time since last request: 194.187255 seconds.
  path: Assets/Prefabs/GameObjects/T/greyRoadStudio/LowPolyTreePack/Scenes/lineUp.unity
  artifactKey: Guid(effd1ba0771f494449683f19b5ba24ec) Importer(815301076,1909f56bfc062723c751e8b465ee728b)
Start importing Assets/Prefabs/GameObjects/T/greyRoadStudio/LowPolyTreePack/Scenes/lineUp.unity using Guid(effd1ba0771f494449683f19b5ba24ec) Importer(815301076,1909f56bfc062723c751e8b465ee728b)  -> (artifact id: '81f0d6db8bfde53c0fd0fb6ef4bede23') in 0.012013 seconds 
  Import took 0.026149 seconds .

========================================================================
Received Prepare
Refreshing native plugins compatible for Editor in 7.53 ms, found 2 plugins.
Preloading 0 native plugins for Editor in 0.00 ms.
Unloading 13 Unused Serialized files (Serialized files now loaded: 0)
System memory in use before: 79.0 MB.
System memory in use after: 79.2 MB.

Unloading 13 unused Assets to reduce memory usage. Loaded Objects now: 3547.
Total: 10.347900 ms (FindLiveObjects: 0.505600 ms CreateObjectMapping: 0.210400 ms MarkObjects: 9.604600 ms  DeleteObjects: 0.025600 ms)

AssetImportParameters requested are different than current active one (requested -> active):
  custom:framework-win-MediaFoundation: 216162199b28c13a410421893ffa2e32 -> 
  custom:video-decoder-ogg-theora: a1e56fd34408186e4bbccfd4996cb3dc -> 
  custom:container-muxer-webm: aa71ff27fc2769a1b78a27578f13a17b -> 
  custom:container-demuxer-webm: 4f35f7cbe854078d1ac9338744f61a02 -> 
  custom:container-demuxer-ogg: 62fdf1f143b41e24485cea50d1cbac27 -> 
  custom:video-encoder-webm-vp8: eb34c28f22e8b96e1ab97ce403110664 -> 
  custom:video-decoder-webm-vp8: 9c59270c3fd7afecdb556c50c9e8de78 -> 
  custom:audio-decoder-ogg-vorbis: bf7c407c2cedff20999df2af8eb42d56 -> 
  custom:audio-encoder-webm-vorbis: bf7c407c2cedff20999df2af8eb42d56 -> 
AssetImportWorkerClient::OnTransportError - code=2 error=End of file
