Using pre-set license
Built from '2020.3/staging' branch; Version is '2020.3.22f1 (e1a7f79fd887) revision 14788599'; Using compiler version '192528614'; Build Type 'Release'
OS: 'Windows 10 Pro; OS build 19044.1706; Version 2009; 64bit' Language: 'es' Physical Memory: 16298 MB
BatchMode: 1, IsHumanControllingUs: 0, StartBugReporterOnCrash: 0, Is64bit: 1, IsPro: 0

COMMAND LINE ARGUMENTS:
C:\Program Files\2020.3.22f1\Editor\Unity.exe
-adb2
-batchMode
-noUpm
-name
AssetImportWorker0
-projectPath
D:/Documentos/Jose/GitHub/Azoni/TallerMecatronico/TallerMecatronico
-logFile
Logs/AssetImportWorker0.log
-srvPort
53459
Successfully changed project path to: D:/Documentos/Jose/GitHub/Azoni/TallerMecatronico/TallerMecatronico
D:/Documentos/Jose/GitHub/Azoni/TallerMecatronico/TallerMecatronico
Using Asset Import Pipeline V2.
Refreshing native plugins compatible for Editor in 49.33 ms, found 2 plugins.
Preloading 0 native plugins for Editor in 0.00 ms.
Initialize engine version: 2020.3.22f1 (e1a7f79fd887)
[Subsystems] Discovering subsystems at path C:/Program Files/2020.3.22f1/Editor/Data/Resources/UnitySubsystems
[Subsystems] Discovering subsystems at path D:/Documentos/Jose/GitHub/Azoni/TallerMecatronico/TallerMecatronico/Assets
GfxDevice: creating device client; threaded=0
Direct3D:
    Version:  Direct3D 11.0 [level 11.1]
    Renderer: NVIDIA GeForce RTX 2060 SUPER (ID=0x1f06)
    Vendor:   
    VRAM:     8031 MB
    Driver:   27.21.14.6140
Initialize mono
Mono path[0] = 'C:/Program Files/2020.3.22f1/Editor/Data/Managed'
Mono path[1] = 'C:/Program Files/2020.3.22f1/Editor/Data/MonoBleedingEdge/lib/mono/unityjit'
Mono config path = 'C:/Program Files/2020.3.22f1/Editor/Data/MonoBleedingEdge/etc'
Using monoOptions --debugger-agent=transport=dt_socket,embedding=1,server=y,suspend=n,address=127.0.0.1:56804
Begin MonoManager ReloadAssembly
Registering precompiled unity dll's ...
Register platform support module: C:/Program Files/2020.3.22f1/Editor/Data/PlaybackEngines/WindowsStandaloneSupport/UnityEditor.WindowsStandalone.Extensions.dll
Registered in 0.001502 seconds.
Native extension for WindowsStandalone target not found
Refreshing native plugins compatible for Editor in 53.46 ms, found 2 plugins.
Preloading 0 native plugins for Editor in 0.00 ms.
Mono: successfully reloaded assembly
- Completed reload, in  1.502 seconds
Domain Reload Profiling:
	ReloadAssembly (1503ms)
		BeginReloadAssembly (47ms)
			ExecutionOrderSort (0ms)
			DisableScriptedObjects (0ms)
			BackupInstance (0ms)
			ReleaseScriptingObjects (0ms)
			CreateAndSetChildDomain (1ms)
		EndReloadAssembly (429ms)
			LoadAssemblies (45ms)
			RebuildTransferFunctionScriptingTraits (0ms)
			SetupTypeCache (138ms)
			ReleaseScriptCaches (0ms)
			RebuildScriptCaches (28ms)
			SetupLoadedEditorAssemblies (160ms)
				LogAssemblyErrors (0ms)
				InitializePlatformSupportModulesInManaged (3ms)
				SetLoadedEditorAssemblies (0ms)
				RefreshPlugins (54ms)
				BeforeProcessingInitializeOnLoad (7ms)
				ProcessInitializeOnLoadAttributes (70ms)
				ProcessInitializeOnLoadMethodAttributes (25ms)
				AfterProcessingInitializeOnLoad (0ms)
				EditorAssembliesLoaded (0ms)
			ExecutionOrderSort2 (0ms)
			AwakeInstancesAfterBackupRestoration (0ms)
Platform modules already initialized, skipping
Registering precompiled user dll's ...
Registered in 0.002833 seconds.
Begin MonoManager ReloadAssembly
Native extension for WindowsStandalone target not found
Refreshing native plugins compatible for Editor in 48.77 ms, found 2 plugins.
Preloading 0 native plugins for Editor in 0.00 ms.
Mono: successfully reloaded assembly
- Completed reload, in  1.028 seconds
Domain Reload Profiling:
	ReloadAssembly (1028ms)
		BeginReloadAssembly (134ms)
			ExecutionOrderSort (0ms)
			DisableScriptedObjects (4ms)
			BackupInstance (0ms)
			ReleaseScriptingObjects (0ms)
			CreateAndSetChildDomain (18ms)
		EndReloadAssembly (839ms)
			LoadAssemblies (82ms)
			RebuildTransferFunctionScriptingTraits (0ms)
			SetupTypeCache (295ms)
			ReleaseScriptCaches (0ms)
			RebuildScriptCaches (45ms)
			SetupLoadedEditorAssemblies (305ms)
				LogAssemblyErrors (0ms)
				InitializePlatformSupportModulesInManaged (3ms)
				SetLoadedEditorAssemblies (0ms)
				RefreshPlugins (49ms)
				BeforeProcessingInitializeOnLoad (65ms)
				ProcessInitializeOnLoadAttributes (174ms)
				ProcessInitializeOnLoadMethodAttributes (9ms)
				AfterProcessingInitializeOnLoad (5ms)
				EditorAssembliesLoaded (0ms)
			ExecutionOrderSort2 (0ms)
			AwakeInstancesAfterBackupRestoration (6ms)
Platform modules already initialized, skipping
========================================================================
Worker process is ready to serve import requests
Launched and connected shader compiler UnityShaderCompiler.exe after 0.09 seconds
Refreshing native plugins compatible for Editor in 0.97 ms, found 2 plugins.
Preloading 0 native plugins for Editor in 0.00 ms.
Unloading 2817 Unused Serialized files (Serialized files now loaded: 0)
System memory in use before: 125.4 MB.
System memory in use after: 125.6 MB.

Unloading 20 unused Assets to reduce memory usage. Loaded Objects now: 3250.
Total: 4.115100 ms (FindLiveObjects: 0.474600 ms CreateObjectMapping: 0.178900 ms MarkObjects: 3.379500 ms  DeleteObjects: 0.081100 ms)

AssetImportParameters requested are different than current active one (requested -> active):
  custom:framework-win-MediaFoundation: 216162199b28c13a410421893ffa2e32 -> 
  custom:video-decoder-ogg-theora: a1e56fd34408186e4bbccfd4996cb3dc -> 
  custom:container-muxer-webm: aa71ff27fc2769a1b78a27578f13a17b -> 
  custom:container-demuxer-webm: 4f35f7cbe854078d1ac9338744f61a02 -> 
  custom:container-demuxer-ogg: 62fdf1f143b41e24485cea50d1cbac27 -> 
  custom:video-encoder-webm-vp8: eb34c28f22e8b96e1ab97ce403110664 -> 
  custom:video-decoder-webm-vp8: 9c59270c3fd7afecdb556c50c9e8de78 -> 
  custom:audio-decoder-ogg-vorbis: bf7c407c2cedff20999df2af8eb42d56 -> 
  custom:audio-encoder-webm-vorbis: bf7c407c2cedff20999df2af8eb42d56 -> 
========================================================================
Received Import Request.
  path: Assets/Prefabs/GameObjects/caja.fbx
  artifactKey: Guid(0b3db808d162f054ca8f8a205d8d8844) Importer(815301076,1909f56bfc062723c751e8b465ee728b)
Start importing Assets/Prefabs/GameObjects/caja.fbx using Guid(0b3db808d162f054ca8f8a205d8d8844) Importer(815301076,1909f56bfc062723c751e8b465ee728b)  -> (artifact id: '5e8f26101b32f8a25b7ee825d9ee5a28') in 0.631572 seconds 
  Import took 0.636512 seconds .

========================================================================
Received Import Request.
  Time since last request: 0.000160 seconds.
  path: Assets/Prefabs
  artifactKey: Guid(94fd0238aab2d7643967cd3987d46bef) Importer(815301076,1909f56bfc062723c751e8b465ee728b)
Start importing Assets/Prefabs using Guid(94fd0238aab2d7643967cd3987d46bef) Importer(815301076,1909f56bfc062723c751e8b465ee728b)  -> (artifact id: '6d1ae6d3829a5496d7b22ad491452a9e') in 0.007391 seconds 
  Import took 0.012917 seconds .

========================================================================
Received Import Request.
  Time since last request: 0.000219 seconds.
  path: Assets/Prefabs/GameObjects/BottleCloud.fbx
  artifactKey: Guid(8a04985cb02c3db4ba21226c0644d9d7) Importer(815301076,1909f56bfc062723c751e8b465ee728b)
Start importing Assets/Prefabs/GameObjects/BottleCloud.fbx using Guid(8a04985cb02c3db4ba21226c0644d9d7) Importer(815301076,1909f56bfc062723c751e8b465ee728b)  -> (artifact id: '88635648548e03792ab19ce903e724be') in 0.235383 seconds 
  Import took 0.241888 seconds .

========================================================================
Received Import Request.
  Time since last request: 0.000211 seconds.
  path: Assets/Prefabs/GameObjects/E1.prefab
  artifactKey: Guid(2624ff2ab7d969949b11e2b1fd70ee14) Importer(815301076,1909f56bfc062723c751e8b465ee728b)
Start importing Assets/Prefabs/GameObjects/E1.prefab using Guid(2624ff2ab7d969949b11e2b1fd70ee14) Importer(815301076,1909f56bfc062723c751e8b465ee728b)  -> (artifact id: '85414369b7df542b3503f67c47b94d93') in 0.032281 seconds 
  Import took 0.037902 seconds .

========================================================================
Received Import Request.
  Time since last request: 0.000329 seconds.
  path: Assets/Prefabs/GameObjects/E3.prefab
  artifactKey: Guid(32843d73aecb624418bf654783481cd4) Importer(815301076,1909f56bfc062723c751e8b465ee728b)
Start importing Assets/Prefabs/GameObjects/E3.prefab using Guid(32843d73aecb624418bf654783481cd4) Importer(815301076,1909f56bfc062723c751e8b465ee728b)  -> (artifact id: '46302d4f6fa7018596631a014871d813') in 0.014032 seconds 
  Import took 0.018621 seconds .

========================================================================
Received Import Request.
  Time since last request: 0.000155 seconds.
  path: Assets/Prefabs/GameObjects/E2.prefab
  artifactKey: Guid(a3d49cf346d8c6841a89054a321e03ba) Importer(815301076,1909f56bfc062723c751e8b465ee728b)
Start importing Assets/Prefabs/GameObjects/E2.prefab using Guid(a3d49cf346d8c6841a89054a321e03ba) Importer(815301076,1909f56bfc062723c751e8b465ee728b)  -> (artifact id: 'b755e0e4f0d6e2e64d0b50c6e7306651') in 0.027862 seconds 
  Import took 0.032604 seconds .

========================================================================
Received Import Request.
  Time since last request: 0.000216 seconds.
  path: Assets/Prefabs/GameObjects/BulletPlayer.prefab
  artifactKey: Guid(777d1e9f08c88c1448d2f7bfcac178a9) Importer(815301076,1909f56bfc062723c751e8b465ee728b)
Start importing Assets/Prefabs/GameObjects/BulletPlayer.prefab using Guid(777d1e9f08c88c1448d2f7bfcac178a9) Importer(815301076,1909f56bfc062723c751e8b465ee728b)  -> (artifact id: 'd894ebf90be52f3298985beacbb6f46d') in 0.023509 seconds 
  Import took 0.027504 seconds .

========================================================================
Received Import Request.
  Time since last request: 0.000172 seconds.
  path: Assets/Prefabs/GameObjects
  artifactKey: Guid(39c84dda533e83041ba0de9b35588c7b) Importer(815301076,1909f56bfc062723c751e8b465ee728b)
Start importing Assets/Prefabs/GameObjects using Guid(39c84dda533e83041ba0de9b35588c7b) Importer(815301076,1909f56bfc062723c751e8b465ee728b)  -> (artifact id: 'b47fd76e5a247018a2b0115cc0c28325') in 0.005202 seconds 
  Import took 0.009980 seconds .

========================================================================
Received Import Request.
  Time since last request: 0.000180 seconds.
  path: Assets/Prefabs/GameObjects/Pitillo_G_T1.fbx
  artifactKey: Guid(d3d90fb852728b948aff90cdb34fd127) Importer(815301076,1909f56bfc062723c751e8b465ee728b)
Start importing Assets/Prefabs/GameObjects/Pitillo_G_T1.fbx using Guid(d3d90fb852728b948aff90cdb34fd127) Importer(815301076,1909f56bfc062723c751e8b465ee728b)  -> (artifact id: '572e92d686a5d70c98f0c9e8b3d15d75') in 0.058808 seconds 
  Import took 0.063569 seconds .

========================================================================
Received Import Request.
  Time since last request: 173.226373 seconds.
  path: Assets/Prefabs/GameObjects/Terreno.prefab
  artifactKey: Guid(f313ca4681459b44b9a3692abb5829c9) Importer(815301076,1909f56bfc062723c751e8b465ee728b)
Start importing Assets/Prefabs/GameObjects/Terreno.prefab using Guid(f313ca4681459b44b9a3692abb5829c9) Importer(815301076,1909f56bfc062723c751e8b465ee728b)  -> (artifact id: '64ab48d1d301e57f9576aa0a0727391c') in 0.019491 seconds 
  Import took 0.025194 seconds .

========================================================================
Received Import Request.
  Time since last request: 62.910534 seconds.
  path: Assets/Scenes
  artifactKey: Guid(7c38ed27446933f41b8eb1b5750d88d1) Importer(815301076,1909f56bfc062723c751e8b465ee728b)
Start importing Assets/Scenes using Guid(7c38ed27446933f41b8eb1b5750d88d1) Importer(815301076,1909f56bfc062723c751e8b465ee728b)  -> (artifact id: '1b479231c13b5b8a209b4cbc6f2f3ade') in 0.006462 seconds 
  Import took 0.011943 seconds .

========================================================================
Received Import Request.
  Time since last request: 2.443642 seconds.
  path: Assets/Scenes/MainMenu
  artifactKey: Guid(a2fc9639e8f7a7342ad20437e2db8047) Importer(815301076,1909f56bfc062723c751e8b465ee728b)
Start importing Assets/Scenes/MainMenu using Guid(a2fc9639e8f7a7342ad20437e2db8047) Importer(815301076,1909f56bfc062723c751e8b465ee728b)  -> (artifact id: '8fc491f3cf3e0b6f7e0510447d1fc410') in 0.005712 seconds 
  Import took 0.010691 seconds .

========================================================================
Received Import Request.
  Time since last request: 5.621633 seconds.
  path: Assets/Scenes/3DGame
  artifactKey: Guid(edc61ed7ab25c114488687a0ca2927f6) Importer(815301076,1909f56bfc062723c751e8b465ee728b)
Start importing Assets/Scenes/3DGame using Guid(edc61ed7ab25c114488687a0ca2927f6) Importer(815301076,1909f56bfc062723c751e8b465ee728b)  -> (artifact id: 'ecefdb7a66657b4da2ae6ab8e4811ef8') in 0.005106 seconds 
  Import took 0.009829 seconds .

========================================================================
Received Import Request.
  Time since last request: 1.759073 seconds.
  path: Assets/Scenes/3DGame/lvl1.unity
  artifactKey: Guid(41747247a16d76f47845fd3e08a2180c) Importer(815301076,1909f56bfc062723c751e8b465ee728b)
Start importing Assets/Scenes/3DGame/lvl1.unity using Guid(41747247a16d76f47845fd3e08a2180c) Importer(815301076,1909f56bfc062723c751e8b465ee728b)  -> (artifact id: '0780efc743d09c17346ee8de159c3cae') in 0.005685 seconds 
  Import took 0.010114 seconds .

========================================================================
Received Import Request.
  Time since last request: 56.344786 seconds.
  path: Assets/Materials/GreenBase.mat
  artifactKey: Guid(233eca8feca6e864b98c66d9ed79848b) Importer(815301076,1909f56bfc062723c751e8b465ee728b)
Start importing Assets/Materials/GreenBase.mat using Guid(233eca8feca6e864b98c66d9ed79848b) Importer(815301076,1909f56bfc062723c751e8b465ee728b)  -> (artifact id: '0c9a5af152b80ee07cb319490bddd9ce') in 0.037695 seconds 
  Import took 0.042274 seconds .

========================================================================
Received Import Request.
  Time since last request: 0.000204 seconds.
  path: Assets/Materials/Skybox_Mat.mat
  artifactKey: Guid(0ffaa0b7117ba8c47a9d05ae701d4b4d) Importer(815301076,1909f56bfc062723c751e8b465ee728b)
Start importing Assets/Materials/Skybox_Mat.mat using Guid(0ffaa0b7117ba8c47a9d05ae701d4b4d) Importer(815301076,1909f56bfc062723c751e8b465ee728b)  -> (artifact id: 'f1e587b2d9f39b4a8da249a6a8f56a44') in 0.104998 seconds 
  Import took 0.109754 seconds .

========================================================================
Received Import Request.
  Time since last request: 0.000302 seconds.
  path: Assets/Materials/NeonBlue.mat
  artifactKey: Guid(fafb74994f1339745a6bed06babbefd2) Importer(815301076,1909f56bfc062723c751e8b465ee728b)
Start importing Assets/Materials/NeonBlue.mat using Guid(fafb74994f1339745a6bed06babbefd2) Importer(815301076,1909f56bfc062723c751e8b465ee728b)  -> (artifact id: '1c018792b8a3256878e4965384d329af') in 0.023602 seconds 
  Import took 0.028487 seconds .

========================================================================
Received Import Request.
  Time since last request: 0.000249 seconds.
  path: Assets/Materials/OrangeBase.mat
  artifactKey: Guid(eb8cd1ef31e0a45458c712299e9cb454) Importer(815301076,1909f56bfc062723c751e8b465ee728b)
Start importing Assets/Materials/OrangeBase.mat using Guid(eb8cd1ef31e0a45458c712299e9cb454) Importer(815301076,1909f56bfc062723c751e8b465ee728b)  -> (artifact id: 'd197c481133e56b088337992bd38edb3') in 0.020533 seconds 
  Import took 0.025638 seconds .

========================================================================
Received Import Request.
  Time since last request: 0.000228 seconds.
  path: Assets/Materials/RedBase.mat
  artifactKey: Guid(90869f00beb2d8b4f982c8d3f88cece3) Importer(815301076,1909f56bfc062723c751e8b465ee728b)
Start importing Assets/Materials/RedBase.mat using Guid(90869f00beb2d8b4f982c8d3f88cece3) Importer(815301076,1909f56bfc062723c751e8b465ee728b)  -> (artifact id: 'cf60215b18c49d42aab87d1819021a41') in 0.013578 seconds 
  Import took 0.018434 seconds .

========================================================================
Received Import Request.
  Time since last request: 17.603277 seconds.
  path: Assets/Materials/Rock.02.mat
  artifactKey: Guid(3c6c6d64a69ea854ab6807c2f4ca71b0) Importer(815301076,1909f56bfc062723c751e8b465ee728b)
Start importing Assets/Materials/Rock.02.mat using Guid(3c6c6d64a69ea854ab6807c2f4ca71b0) Importer(815301076,1909f56bfc062723c751e8b465ee728b)  -> (artifact id: '9ee552f06b2321c1e606c04fb157bc88') in 0.034113 seconds 
  Import took 0.038818 seconds .

========================================================================
Received Import Request.
  Time since last request: 132.627056 seconds.
  path: Assets/Prefabs/GameObjects/T
  artifactKey: Guid(fbceecc7eff1a444f82dfcc0f7d882e7) Importer(815301076,1909f56bfc062723c751e8b465ee728b)
Start importing Assets/Prefabs/GameObjects/T using Guid(fbceecc7eff1a444f82dfcc0f7d882e7) Importer(815301076,1909f56bfc062723c751e8b465ee728b)  -> (artifact id: '8367f6f6472e0fc8b09f7527f8e6a363') in 0.005286 seconds 
  Import took 0.010696 seconds .

========================================================================
Received Import Request.
  Time since last request: 120.345171 seconds.
  path: Assets/Materials/Rock.01.mat
  artifactKey: Guid(8ce42ee7697773c4abcb302827e0908c) Importer(815301076,1909f56bfc062723c751e8b465ee728b)
Start importing Assets/Materials/Rock.01.mat using Guid(8ce42ee7697773c4abcb302827e0908c) Importer(815301076,1909f56bfc062723c751e8b465ee728b)  -> (artifact id: 'df526298baf7c18e0dff289f41ffc6f5') in 0.025016 seconds 
  Import took 0.030639 seconds .

========================================================================
Received Import Request.
  Time since last request: 580.167903 seconds.
  path: Assets/Materials/Tree.02.mat
  artifactKey: Guid(e12c81026c7969943b03b0343aada021) Importer(815301076,1909f56bfc062723c751e8b465ee728b)
Start importing Assets/Materials/Tree.02.mat using Guid(e12c81026c7969943b03b0343aada021) Importer(815301076,1909f56bfc062723c751e8b465ee728b)  -> (artifact id: 'cbbb09fc4ba4f8f7ce46106ba8c8c6c2') in 0.018450 seconds 
  Import took 0.024123 seconds .

========================================================================
Received Import Request.
  Time since last request: 145.496646 seconds.
  path: Assets/Materials/Rock.01.mat
  artifactKey: Guid(8ce42ee7697773c4abcb302827e0908c) Importer(815301076,1909f56bfc062723c751e8b465ee728b)
Start importing Assets/Materials/Rock.01.mat using Guid(8ce42ee7697773c4abcb302827e0908c) Importer(815301076,1909f56bfc062723c751e8b465ee728b)  -> (artifact id: 'fa1fae0db1a87d57d679fe21acc97473') in 0.013533 seconds 
  Import took 0.019870 seconds .

========================================================================
Received Import Request.
  Time since last request: 0.000175 seconds.
  path: Assets/Materials/Tree.02.mat
  artifactKey: Guid(e12c81026c7969943b03b0343aada021) Importer(815301076,1909f56bfc062723c751e8b465ee728b)
Start importing Assets/Materials/Tree.02.mat using Guid(e12c81026c7969943b03b0343aada021) Importer(815301076,1909f56bfc062723c751e8b465ee728b)  -> (artifact id: '754e572a113fb05b941ee7638515285f') in 0.014437 seconds 
  Import took 0.020267 seconds .

========================================================================
Received Import Request.
  Time since last request: 0.000255 seconds.
  path: Assets/Materials/Rock.02.mat
  artifactKey: Guid(3c6c6d64a69ea854ab6807c2f4ca71b0) Importer(815301076,1909f56bfc062723c751e8b465ee728b)
Start importing Assets/Materials/Rock.02.mat using Guid(3c6c6d64a69ea854ab6807c2f4ca71b0) Importer(815301076,1909f56bfc062723c751e8b465ee728b)  -> (artifact id: '4966b4bee087aa7ebe3627d97ed9a627') in 0.011288 seconds 
  Import took 0.016125 seconds .

